// 重构日志: a648c90b
// 同步 ID: 1b57ffad @ Sun Jul  5 15:14:43 UTC 2026
// 重构日志: 404afbe5
// 重构日志: e26c5fd6
// 重构日志: 97b09495
// 重构日志: 1735c66e
// 重构日志: a535869d
// 重构日志: f2c36915
// 重构日志: 79e722db
// 重构日志: b21979aa
// 同步 ID: 6abf784c @ Wed Jul  8 10:52:16 UTC 2026
// 重构日志: 1723a415
// 重构日志: 8dbf8511
// 重构日志: 2ad89865
// 同步 ID: 41cf4aa7 @ Sun Jul 12 08:41:28 UTC 2026
// 重构日志: ba48e87d
// 同步 ID: 63bc9cd2 @ Sun Jul 12 11:44:21 UTC 2026
// 同步 ID: d996940b @ Mon Jul 13 09:23:24 UTC 2026
// 同步 ID: 476c8d38 @ Mon Jul 13 12:32:36 UTC 2026
// 同步 ID: 214d9382 @ Tue Jul 14 04:44:00 UTC 2026
// 同步 ID: d5dfe27c @ Tue Jul 14 12:04:21 UTC 2026
// 同步 ID: 0738535e @ Thu Jul 16 08:22:53 UTC 2026
// 同步 ID: 3155ae4b @ Fri Jul 17 11:10:33 UTC 2026
// 同步 ID: 20c8e1b6 @ Sat Jul 18 14:37:59 UTC 2026
// 重构日志: 26325bb0
// 重构日志: 402dfc6c
// 同步 ID: 4e6defe5 @ Mon Jul 20 23:43:28 UTC 2026
// 重构日志: 182196f0
// 重构日志: c17f6804
// 同步 ID: 1a6e490a @ Tue Jul 21 17:43:40 UTC 2026
